<?xml version="1.0" encoding="UTF-8"?>
<!-- Generated by org.testng.reporters.JUnitReportReporter -->
<testsuite hostname="DESKTOP-PD1IOCD" failures="0" tests="1" name="package1.Program3Test" time="3.679" errors="0" timestamp="2023-10-26T20:45:20 IST" skipped="0">
  <testcase classname="package1.Program3Test" name="demo1" time="3.679"/>
</testsuite> <!-- package1.Program3Test -->
